2025-11-21 08:07:51.147 +01:00 [INF] Now listening on: http://localhost:5124
2025-11-21 08:07:51.292 +01:00 [INF] Application started. Press Ctrl+C to shut down.
2025-11-21 08:07:51.293 +01:00 [INF] Hosting environment: Development
2025-11-21 08:07:51.294 +01:00 [INF] Content root path: B:\Solutions\FoodStack\service\FoodStack Service
2025-11-21 08:25:11.468 +01:00 [INF] Now listening on: http://localhost:5124
2025-11-21 08:25:11.554 +01:00 [INF] Application started. Press Ctrl+C to shut down.
2025-11-21 08:25:11.555 +01:00 [INF] Hosting environment: Development
2025-11-21 08:25:11.556 +01:00 [INF] Content root path: B:\Solutions\FoodStack\service\FoodStack Service
2025-11-21 08:26:40.159 +01:00 [INF] Now listening on: http://localhost:5124
2025-11-21 08:26:40.310 +01:00 [INF] Application started. Press Ctrl+C to shut down.
2025-11-21 08:26:40.312 +01:00 [INF] Hosting environment: Development
2025-11-21 08:26:40.312 +01:00 [INF] Content root path: B:\Solutions\FoodStack\service\FoodStack Service
2025-11-21 18:17:15.755 +01:00 [INF] Now listening on: http://localhost:5124
2025-11-21 18:17:15.834 +01:00 [INF] Application started. Press Ctrl+C to shut down.
2025-11-21 18:17:15.836 +01:00 [INF] Hosting environment: Development
2025-11-21 18:17:15.837 +01:00 [INF] Content root path: B:\Solutions\FoodStack\service\FoodStack Service
2025-11-21 18:17:43.585 +01:00 [INF] Simulating slow connection on /api/orders
2025-11-21 18:18:20.074 +01:00 [INF] Simulating queued request for 75545 ms on /api/orders
2025-11-21 18:19:58.244 +01:00 [INF] Simulating queued request for 76850 ms on /api/orders
2025-11-21 18:21:35.655 +01:00 [INF] Simulating partial response and abort on /api/orders
2025-11-21 18:21:45.027 +01:00 [INF] Simulating slow connection on /api/orders
2025-11-21 18:30:28.599 +01:00 [INF] Simulating partial response and abort on /api/orders
2025-11-21 18:30:28.602 +01:00 [INF] Simulating queued request for 64357 ms on /api/orders
2025-11-21 18:31:46.796 +01:00 [INF] Simulating slow connection on /api/orders
2025-11-21 18:31:53.156 +01:00 [INF] Simulating queued request for 80798 ms on /api/orders
2025-11-21 19:41:21.129 +01:00 [INF] Simulating partial response and abort on /api/orders
2025-11-21 19:41:21.179 +01:00 [INF] Simulating partial response and abort on /api/orders
2025-11-21 19:41:40.037 +01:00 [INF] Simulating queued request for 88315 ms on /api/orders
2025-11-21 19:43:00.657 +01:00 [ERR] Error in SimulateQueueAsync for /api/orders
System.Threading.Tasks.TaskCanceledException: A task was canceled.
   at FoodStack.Diagnosis.RequestSimulationMiddleware.SimulateQueueAsync(HttpContext context) in B:\Solutions\FoodStack\service\FoodStack Service\Diagnosis\RequestSimulationMiddleware.cs:line 77
2025-11-21 19:43:00.752 +01:00 [WRN] RequestSimulationMiddleware canceled for /api/orders
2025-11-21 19:45:18.715 +01:00 [INF] Now listening on: http://localhost:5124
2025-11-21 19:45:18.816 +01:00 [INF] Application started. Press Ctrl+C to shut down.
2025-11-21 19:45:18.817 +01:00 [INF] Hosting environment: Development
2025-11-21 19:45:18.818 +01:00 [INF] Content root path: B:\Solutions\FoodStack\service\FoodStack Service
2025-11-21 20:13:58.825 +01:00 [INF] Simulating partial response and abort on /api/orders
2025-11-21 20:13:58.883 +01:00 [INF] Simulating slow connection on /api/orders
2025-11-21 20:14:07.176 +01:00 [INF] Simulating queued request for 100033 ms on /api/orders
2025-11-21 23:02:07.929 +01:00 [INF] Simulating queued request for 61767 ms on /api/orders
2025-11-21 23:03:20.759 +01:00 [INF] Simulating slow connection on /api/orders
2025-11-21 23:03:42.357 +01:00 [INF] Simulating queued request for 111605 ms on /api/orders
2025-11-21 23:21:26.742 +01:00 [INF] Simulating queued request for 64994 ms on /api/orders
