2025-11-22 08:25:14.161 +01:00 [INF] Simulating partial response and abort on /api/orders
2025-11-22 08:25:14.265 +01:00 [INF] Simulating queued request for 103450 ms on /api/orders
2025-11-22 08:28:45.035 +01:00 [INF] Simulating queued request for 63153 ms on /api/orders
2025-11-22 08:28:47.619 +01:00 [ERR] Error in SimulateQueueAsync for /api/orders
System.Threading.Tasks.TaskCanceledException: A task was canceled.
   at FoodStack.Diagnosis.RequestSimulationMiddleware.SimulateQueueAsync(HttpContext context) in B:\Solutions\FoodStack\service\FoodStack Service\Diagnosis\RequestSimulationMiddleware.cs:line 77
2025-11-22 08:28:47.729 +01:00 [WRN] RequestSimulationMiddleware canceled for /api/orders
2025-11-22 08:28:49.724 +01:00 [INF] Simulating partial response and abort on /api/orders
2025-11-22 08:28:49.870 +01:00 [INF] Simulating partial response and abort on /api/orders
2025-11-22 08:28:52.206 +01:00 [INF] Simulating queued request for 115172 ms on /api/orders
2025-11-22 08:31:06.367 +01:00 [INF] Simulating queued request for 115682 ms on /api/orders
2025-11-22 08:33:09.197 +01:00 [INF] Simulating queued request for 115865 ms on /api/orders
2025-11-22 08:35:15.155 +01:00 [INF] Simulating partial response and abort on /api/orders
2025-11-22 08:35:39.124 +01:00 [INF] Simulating slow connection on /api/orders
2025-11-22 08:35:44.202 +01:00 [INF] Simulating slow connection on /api/orders
2025-11-22 08:37:29.640 +01:00 [INF] Simulating queued request for 86905 ms on /api/orders
2025-11-22 08:37:32.186 +01:00 [ERR] Error in SimulateQueueAsync for /api/orders
System.Threading.Tasks.TaskCanceledException: A task was canceled.
   at FoodStack.Diagnosis.RequestSimulationMiddleware.SimulateQueueAsync(HttpContext context) in B:\Solutions\FoodStack\service\FoodStack Service\Diagnosis\RequestSimulationMiddleware.cs:line 77
2025-11-22 08:37:32.207 +01:00 [WRN] RequestSimulationMiddleware canceled for /api/orders
2025-11-22 08:37:36.384 +01:00 [INF] Simulating slow connection on /api/orders
2025-11-22 08:37:46.248 +01:00 [INF] Simulating queued request for 65357 ms on /api/orders
2025-11-22 08:39:38.373 +01:00 [INF] Simulating slow connection on /api/orders
2025-11-22 08:39:55.677 +01:00 [INF] Simulating queued request for 109266 ms on /api/orders
2025-11-22 08:42:25.517 +01:00 [INF] Simulating queued request for 116495 ms on /api/orders
2025-11-22 08:44:45.211 +01:00 [INF] Simulating queued request for 92171 ms on /api/orders
2025-11-22 08:46:43.684 +01:00 [INF] Simulating slow connection on /api/orders
2025-11-22 08:46:52.179 +01:00 [INF] Simulating slow connection on /api/orders
2025-11-22 08:46:56.237 +01:00 [INF] Simulating partial response and abort on /api/orders
2025-11-22 08:46:56.411 +01:00 [INF] Simulating queued request for 82230 ms on /api/orders
2025-11-22 08:48:30.744 +01:00 [INF] Simulating slow connection on /api/orders
2025-11-22 08:48:47.985 +01:00 [INF] Simulating slow connection on /api/orders
2025-11-22 08:48:53.135 +01:00 [INF] Simulating queued request for 113748 ms on /api/orders
2025-11-22 08:50:49.827 +01:00 [INF] Simulating queued request for 102503 ms on /api/orders
2025-11-22 08:52:39.347 +01:00 [INF] Simulating partial response and abort on /api/orders
2025-11-22 08:52:39.698 +01:00 [INF] Simulating queued request for 91693 ms on /api/orders
2025-11-22 08:54:39.699 +01:00 [INF] Simulating slow connection on /api/orders
2025-11-22 08:54:47.236 +01:00 [INF] Simulating queued request for 63541 ms on /api/orders
2025-11-22 08:56:03.577 +01:00 [INF] Simulating queued request for 68507 ms on /api/orders
2025-11-22 08:57:16.717 +01:00 [INF] Simulating partial response and abort on /api/orders
2025-11-22 08:57:16.915 +01:00 [INF] Simulating partial response and abort on /api/orders
2025-11-22 08:57:20.330 +01:00 [INF] Simulating slow connection on /api/orders
2025-11-22 08:57:26.758 +01:00 [INF] Simulating partial response and abort on /api/orders
2025-11-22 08:57:26.952 +01:00 [INF] Simulating queued request for 62572 ms on /api/orders
2025-11-22 08:58:33.876 +01:00 [INF] Simulating queued request for 102191 ms on /api/orders
2025-11-22 09:01:47.776 +01:00 [INF] Simulating slow connection on /api/orders
2025-11-22 09:01:51.986 +01:00 [INF] Simulating slow connection on /api/orders
2025-11-22 09:02:02.393 +01:00 [INF] Simulating queued request for 82652 ms on /api/orders
2025-11-22 09:32:57.939 +01:00 [INF] Simulating partial response and abort on /api/orders
2025-11-22 09:32:57.946 +01:00 [INF] Simulating queued request for 88893 ms on /api/orders
2025-11-22 09:39:14.635 +01:00 [INF] Now listening on: http://localhost:5124
2025-11-22 09:39:14.792 +01:00 [INF] Application started. Press Ctrl+C to shut down.
2025-11-22 09:39:14.793 +01:00 [INF] Hosting environment: Development
2025-11-22 09:39:14.794 +01:00 [INF] Content root path: B:\Solutions\FoodStack\service\FoodStack Service
2025-11-22 09:50:48.415 +01:00 [INF] Now listening on: http://localhost:5124
2025-11-22 09:50:48.558 +01:00 [INF] Application started. Press Ctrl+C to shut down.
2025-11-22 09:50:48.563 +01:00 [INF] Hosting environment: Development
2025-11-22 09:50:48.564 +01:00 [INF] Content root path: B:\Solutions\FoodStack\service\FoodStack Service
2025-11-22 09:51:12.833 +01:00 [INF] Now listening on: http://localhost:5124
2025-11-22 09:51:12.938 +01:00 [INF] Application started. Press Ctrl+C to shut down.
2025-11-22 09:51:12.940 +01:00 [INF] Hosting environment: Development
2025-11-22 09:51:12.940 +01:00 [INF] Content root path: B:\Solutions\FoodStack\service\FoodStack Service
2025-11-22 09:56:30.093 +01:00 [INF] Now listening on: http://localhost:5124
2025-11-22 09:56:30.212 +01:00 [INF] Application started. Press Ctrl+C to shut down.
2025-11-22 09:56:30.214 +01:00 [INF] Hosting environment: Development
2025-11-22 09:56:30.215 +01:00 [INF] Content root path: B:\Solutions\FoodStack\service\FoodStack Service
2025-11-22 09:57:30.775 +01:00 [INF] Now listening on: http://localhost:5124
2025-11-22 09:57:30.966 +01:00 [INF] Application started. Press Ctrl+C to shut down.
2025-11-22 09:57:30.967 +01:00 [INF] Hosting environment: Development
2025-11-22 09:57:30.968 +01:00 [INF] Content root path: B:\Solutions\FoodStack\service\FoodStack Service
2025-11-22 09:58:16.978 +01:00 [INF] Simulating queued request for 118163 ms on /api/orders
2025-11-22 09:58:39.376 +01:00 [ERR] Error in SimulateQueueAsync for /api/orders
System.Threading.Tasks.TaskCanceledException: A task was canceled.
   at FoodStack.Diagnosis.RequestSimulationMiddleware.SimulateQueueAsync(HttpContext context) in B:\Solutions\FoodStack\service\FoodStack Service\Diagnosis\RequestSimulationMiddleware.cs:line 77
2025-11-22 09:58:39.435 +01:00 [WRN] RequestSimulationMiddleware canceled for /api/orders
2025-11-22 10:00:38.943 +01:00 [INF] Simulating queued request for 107744 ms on /api/orders
2025-11-22 10:06:19.783 +01:00 [INF] Simulating slow connection on /api/orders
2025-11-22 10:08:06.329 +01:00 [INF] Now listening on: http://localhost:5124
2025-11-22 10:08:06.425 +01:00 [INF] Application started. Press Ctrl+C to shut down.
2025-11-22 10:08:06.427 +01:00 [INF] Hosting environment: Development
2025-11-22 10:08:06.428 +01:00 [INF] Content root path: B:\Solutions\FoodStack\service\FoodStack Service
2025-11-22 10:08:11.286 +01:00 [INF] Simulating partial response and abort on /api/orders
2025-11-22 10:08:11.748 +01:00 [INF] Simulating slow connection on /api/orders
2025-11-22 10:08:35.258 +01:00 [INF] Now listening on: http://localhost:5124
2025-11-22 10:08:35.430 +01:00 [INF] Application started. Press Ctrl+C to shut down.
2025-11-22 10:08:35.432 +01:00 [INF] Hosting environment: Development
2025-11-22 10:08:35.433 +01:00 [INF] Content root path: B:\Solutions\FoodStack\service\FoodStack Service
2025-11-22 10:08:36.155 +01:00 [ERR] Error in RequestSimulationMiddleware for /api/menu/ids
System.Exception: Exception of type 'System.Exception' was thrown.
   at FoodStack.Diagnosis.RequestSimulationMiddleware.InvokeAsync(HttpContext context) in B:\Solutions\FoodStack\service\FoodStack Service\Diagnosis\RequestSimulationMiddleware.cs:line 23
2025-11-22 10:08:36.209 +01:00 [ERR] Unhandled exception while processing request.
System.Exception: Exception of type 'System.Exception' was thrown.
   at FoodStack.Diagnosis.RequestSimulationMiddleware.InvokeAsync(HttpContext context) in B:\Solutions\FoodStack\service\FoodStack Service\Diagnosis\RequestSimulationMiddleware.cs:line 23
   at Swashbuckle.AspNetCore.SwaggerUI.SwaggerUIMiddleware.Invoke(HttpContext httpContext)
   at Swashbuckle.AspNetCore.Swagger.SwaggerMiddleware.Invoke(HttpContext httpContext, ISwaggerProvider swaggerProvider)
   at FoodStack.Diagnosis.ExceptionHandlingMiddleware.Invoke(HttpContext context) in B:\Solutions\FoodStack\service\FoodStack Service\Diagnosis\ExceptionHandlingMiddleware.cs:line 20
2025-11-22 10:09:49.196 +01:00 [INF] Now listening on: http://localhost:5124
2025-11-22 10:09:49.344 +01:00 [INF] Application started. Press Ctrl+C to shut down.
2025-11-22 10:09:49.347 +01:00 [INF] Hosting environment: Development
2025-11-22 10:09:49.348 +01:00 [INF] Content root path: B:\Solutions\FoodStack\service\FoodStack Service
2025-11-22 10:12:26.687 +01:00 [INF] Now listening on: http://localhost:5124
2025-11-22 10:12:26.792 +01:00 [INF] Application started. Press Ctrl+C to shut down.
2025-11-22 10:12:26.794 +01:00 [INF] Hosting environment: Development
2025-11-22 10:12:26.795 +01:00 [INF] Content root path: B:\Solutions\FoodStack\service\FoodStack Service
2025-11-22 10:12:36.662 +01:00 [INF] Simulating queued request for 72057 ms on /api/orders
2025-11-22 10:13:11.994 +01:00 [ERR] Error in SimulateQueueAsync for /api/orders
System.Threading.Tasks.TaskCanceledException: A task was canceled.
   at FoodStack.Diagnosis.RequestSimulationMiddleware.SimulateQueueAsync(HttpContext context) in B:\Solutions\FoodStack\service\FoodStack Service\Diagnosis\RequestSimulationMiddleware.cs:line 77
2025-11-22 10:13:12.054 +01:00 [WRN] RequestSimulationMiddleware canceled for /api/orders
2025-11-22 10:13:14.648 +01:00 [INF] Simulating queued request for 116609 ms on /api/orders
2025-11-22 10:13:24.401 +01:00 [ERR] Error in SimulateQueueAsync for /api/orders
System.Threading.Tasks.TaskCanceledException: A task was canceled.
   at FoodStack.Diagnosis.RequestSimulationMiddleware.SimulateQueueAsync(HttpContext context) in B:\Solutions\FoodStack\service\FoodStack Service\Diagnosis\RequestSimulationMiddleware.cs:line 77
2025-11-22 10:13:24.423 +01:00 [WRN] RequestSimulationMiddleware canceled for /api/orders
2025-11-22 10:13:27.461 +01:00 [INF] Simulating partial response and abort on /api/orders
2025-11-22 10:13:27.594 +01:00 [INF] Simulating partial response and abort on /api/orders
2025-11-22 10:13:30.205 +01:00 [INF] Simulating queued request for 98541 ms on /api/orders
2025-11-22 10:14:49.822 +01:00 [INF] Now listening on: http://localhost:5124
2025-11-22 10:14:50.024 +01:00 [INF] Application started. Press Ctrl+C to shut down.
2025-11-22 10:14:50.026 +01:00 [INF] Hosting environment: Development
2025-11-22 10:14:50.027 +01:00 [INF] Content root path: B:\Solutions\FoodStack\service\FoodStack Service
2025-11-22 10:14:51.246 +01:00 [INF] Simulating partial response and abort on /api/orders
2025-11-22 10:14:51.301 +01:00 [INF] Simulating partial response and abort on /api/orders
2025-11-22 10:14:51.307 +01:00 [INF] Simulating partial response and abort on /api/orders
2025-11-22 10:14:52.663 +01:00 [INF] Simulating slow connection on /api/orders
2025-11-22 10:14:58.302 +01:00 [INF] Simulating queued request for 58454 ms on /api/orders
2025-11-22 10:15:43.104 +01:00 [INF] Now listening on: http://localhost:5124
2025-11-22 10:15:43.266 +01:00 [INF] Application started. Press Ctrl+C to shut down.
2025-11-22 10:15:43.267 +01:00 [INF] Hosting environment: Development
2025-11-22 10:15:43.268 +01:00 [INF] Content root path: B:\Solutions\FoodStack\service\FoodStack Service
2025-11-22 10:15:44.293 +01:00 [INF] Simulating slow connection on /api/orders
2025-11-22 10:15:49.544 +01:00 [INF] Simulating queued request for 28537 ms on /api/orders
2025-11-22 11:24:24.921 +01:00 [INF] Simulating queued request for 20531 ms on /api/orders
2025-11-22 11:24:29.574 +01:00 [ERR] Error in SimulateQueueAsync for /api/orders
System.Threading.Tasks.TaskCanceledException: A task was canceled.
   at FoodStack.Diagnosis.RequestSimulationMiddleware.SimulateQueueAsync(HttpContext context) in B:\Solutions\FoodStack\service\FoodStack Service\Diagnosis\RequestSimulationMiddleware.cs:line 77
2025-11-22 11:24:29.627 +01:00 [WRN] RequestSimulationMiddleware canceled for /api/orders
2025-11-22 11:38:53.456 +01:00 [INF] Application started. Press Ctrl+C to shut down.
2025-11-22 11:38:53.517 +01:00 [INF] Hosting environment: Development
2025-11-22 11:38:53.518 +01:00 [INF] Content root path: B:\Solutions\FoodStack\service\FoodStack Service
2025-11-22 11:39:10.238 +01:00 [INF] Application is shutting down...
2025-11-22 11:39:15.516 +01:00 [INF] Application started. Press Ctrl+C to shut down.
2025-11-22 11:39:15.569 +01:00 [INF] Hosting environment: Development
2025-11-22 11:39:15.570 +01:00 [INF] Content root path: B:\Solutions\FoodStack\service\FoodStack Service
2025-11-22 11:41:14.656 +01:00 [INF] Application is shutting down...
2025-11-22 11:50:46.177 +01:00 [INF] Now listening on: http://127.0.0.1:39576
2025-11-22 11:50:46.213 +01:00 [INF] Application started. Press Ctrl+C to shut down.
2025-11-22 11:50:46.213 +01:00 [INF] Hosting environment: Development
2025-11-22 11:50:46.213 +01:00 [INF] Content root path: B:\Solutions\FoodStack\service\FoodStack Service
2025-11-22 11:51:20.416 +01:00 [INF] Now listening on: http://127.0.0.1:38424
2025-11-22 11:51:20.455 +01:00 [INF] Application started. Press Ctrl+C to shut down.
2025-11-22 11:51:20.456 +01:00 [INF] Hosting environment: Development
2025-11-22 11:51:20.456 +01:00 [INF] Content root path: B:\Solutions\FoodStack\service\FoodStack Service
2025-11-22 11:53:12.042 +01:00 [INF] Now listening on: http://127.0.0.1:16588
2025-11-22 11:53:12.073 +01:00 [INF] Application started. Press Ctrl+C to shut down.
2025-11-22 11:53:12.074 +01:00 [INF] Hosting environment: Development
2025-11-22 11:53:12.074 +01:00 [INF] Content root path: B:\Solutions\FoodStack\service\FoodStack Service
2025-11-22 11:53:51.635 +01:00 [INF] Now listening on: http://127.0.0.1:30116
2025-11-22 11:53:51.667 +01:00 [INF] Application started. Press Ctrl+C to shut down.
2025-11-22 11:53:51.668 +01:00 [INF] Hosting environment: Production
2025-11-22 11:53:51.668 +01:00 [INF] Content root path: B:\Solutions\FoodStack\service\FoodStack Service
2025-11-22 11:55:10.614 +01:00 [INF] Application is shutting down...
2025-11-22 12:17:52.780 +01:00 [INF] Now listening on: http://localhost:5124
2025-11-22 12:17:52.880 +01:00 [INF] Application started. Press Ctrl+C to shut down.
2025-11-22 12:17:52.882 +01:00 [INF] Hosting environment: Development
2025-11-22 12:17:52.883 +01:00 [INF] Content root path: B:\Solutions\FoodStack\service\FoodStack Service
2025-11-22 12:49:53.861 +01:00 [INF] Simulating partial response and abort on /api/orders
2025-11-22 12:49:53.929 +01:00 [INF] Simulating queued request for 16034 ms on /api/orders
2025-11-22 12:51:43.154 +01:00 [INF] Simulating partial response and abort on /api/orders
2025-11-22 12:51:43.223 +01:00 [INF] Simulating queued request for 25394 ms on /api/orders
2025-11-22 12:53:19.546 +01:00 [INF] Simulating partial response and abort on /api/orders
2025-11-22 12:53:19.711 +01:00 [INF] Simulating slow connection on /api/orders
2025-11-22 14:46:33.633 +01:00 [INF] Simulating partial response and abort on /api/orders
2025-11-22 14:46:33.708 +01:00 [INF] Simulating queued request for 27457 ms on /api/orders
2025-11-22 15:50:19.283 +01:00 [INF] Now listening on: http://localhost:5124
2025-11-22 15:50:19.387 +01:00 [INF] Application started. Press Ctrl+C to shut down.
2025-11-22 15:50:19.390 +01:00 [INF] Hosting environment: Development
2025-11-22 15:50:19.390 +01:00 [INF] Content root path: B:\Solutions\FoodStack\service\FoodStack Service
2025-11-22 16:33:54.243 +01:00 [INF] Now listening on: http://localhost:5124
2025-11-22 16:33:54.326 +01:00 [INF] Application started. Press Ctrl+C to shut down.
2025-11-22 16:33:54.327 +01:00 [INF] Hosting environment: Development
2025-11-22 16:33:54.328 +01:00 [INF] Content root path: B:\Solutions\FoodStack\service\FoodStack Service
2025-11-22 17:36:46.181 +01:00 [INF] Now listening on: http://localhost:5124
2025-11-22 17:36:46.215 +01:00 [INF] Application started. Press Ctrl+C to shut down.
2025-11-22 17:36:46.216 +01:00 [INF] Hosting environment: Development
2025-11-22 17:36:46.217 +01:00 [INF] Content root path: B:\Solutions\FoodStack\Service
2025-11-22 17:36:57.456 +01:00 [INF] Simulating queued request for 19172 ms on /api/orders
2025-11-22 18:20:51.528 +01:00 [INF] Application is shutting down...
2025-11-22 18:22:15.874 +01:00 [INF] Now listening on: http://localhost:5124
2025-11-22 18:22:15.907 +01:00 [INF] Application started. Press Ctrl+C to shut down.
2025-11-22 18:22:15.908 +01:00 [INF] Hosting environment: Development
2025-11-22 18:22:15.909 +01:00 [INF] Content root path: B:\Solutions\FoodStack\Service
2025-11-22 18:22:21.614 +01:00 [INF] Application is shutting down...
2025-11-22 18:22:27.048 +01:00 [INF] Now listening on: http://localhost:5124
2025-11-22 18:22:27.081 +01:00 [INF] Application started. Press Ctrl+C to shut down.
2025-11-22 18:22:27.082 +01:00 [INF] Hosting environment: Development
2025-11-22 18:22:27.083 +01:00 [INF] Content root path: B:\Solutions\FoodStack\Service
2025-11-22 18:24:34.295 +01:00 [INF] Application is shutting down...
2025-11-22 18:24:50.377 +01:00 [INF] Now listening on: http://localhost:5124
2025-11-22 18:24:50.419 +01:00 [INF] Application started. Press Ctrl+C to shut down.
2025-11-22 18:24:50.420 +01:00 [INF] Hosting environment: Development
2025-11-22 18:24:50.421 +01:00 [INF] Content root path: B:\Solutions\FoodStack\Service
2025-11-22 18:26:38.630 +01:00 [INF] Simulating partial response and abort on /api/orders
2025-11-22 18:26:38.652 +01:00 [INF] Simulating partial response and abort on /api/orders
2025-11-22 18:26:39.563 +01:00 [INF] Simulating queued request for 25004 ms on /api/orders
2025-11-22 18:29:52.688 +01:00 [INF] Application is shutting down...
2025-11-22 18:30:16.286 +01:00 [INF] Now listening on: http://localhost:5124
2025-11-22 18:30:16.318 +01:00 [INF] Application started. Press Ctrl+C to shut down.
2025-11-22 18:30:16.319 +01:00 [INF] Hosting environment: Development
2025-11-22 18:30:16.320 +01:00 [INF] Content root path: B:\Solutions\FoodStack\Service
